<?xml version="1.0" encoding="UTF-8"?>
<!-- Generated by org.testng.reporters.JUnitReportReporter -->
<testsuite hostname="LAPTOP-A9SHFLG8" name="Testcases.LoginTest_ParameteriseTests" tests="3" failures="0" timestamp="15 Sep 2017 21:54:24 GMT" time="0.001" errors="0">
  <testcase name="doLoginTest" time="0.000" classname="Testcases.LoginTest_ParameteriseTests"/>
  <testcase name="doLoginTest" time="0.001" classname="Testcases.LoginTest_ParameteriseTests"/>
  <testcase name="doLoginTest" time="0.000" classname="Testcases.LoginTest_ParameteriseTests"/>
</testsuite> <!-- Testcases.LoginTest_ParameteriseTests -->
