<?xml version="1.0" encoding="UTF-8"?>
<!-- Generated by org.testng.reporters.JUnitReportReporter -->
<testsuite name="Testcases.ApplicationTest_Understanding" tests="1" time="0.026" ignored="0" failures="0" timestamp="27 Feb 2017 12:43:04 GMT" skipped="0" hostname="LAPTOP-A9SHFLG8" errors="0">
  <testcase name="Test1" time="0.026" classname="Testcases.ApplicationTest_Understanding"/>
</testsuite> <!-- Testcases.ApplicationTest_Understanding -->
