<?xml version="1.0" encoding="UTF-8"?>
<!-- Generated by org.testng.reporters.JUnitReportReporter -->
<testsuite name="Testcases.LoginTest_ParameteriseTests_parallel" tests="3" time="0.030" ignored="0" failures="0" timestamp="28 Mar 2017 12:06:06 GMT" skipped="0" hostname="LAPTOP-A9SHFLG8" errors="0">
  <testcase name="doLoginTest" time="0.010" classname="Testcases.LoginTest_ParameteriseTests_parallel"/>
  <testcase name="doLoginTest" time="0.010" classname="Testcases.LoginTest_ParameteriseTests_parallel"/>
  <testcase name="doLoginTest" time="0.010" classname="Testcases.LoginTest_ParameteriseTests_parallel"/>
</testsuite> <!-- Testcases.LoginTest_ParameteriseTests_parallel -->
